<?xml version="1.0" encoding="UTF-8"?>
<testsuite xmlns:xsi="http://www.w3.org/2001/XMLSchema-instance" xsi:noNamespaceSchemaLocation="https://maven.apache.org/surefire/maven-surefire-plugin/xsd/surefire-test-report-3.0.xsd" version="3.0" name="microwave_Cucumber_Test.RunCucumberTest" time="1.763" tests="30" errors="0" skipped="0" failures="0">
  <properties>
    <property name="awt.toolkit" value="sun.awt.X11.XToolkit"/>
    <property name="java.specification.version" value="11"/>
    <property name="sun.cpu.isalist" value=""/>
    <property name="sun.jnu.encoding" value="UTF-8"/>
    <property name="java.class.path" value="/mnt/c/Users/ap27r/Desktop/Universidad de Málaga/Ingeniería del Software Avanzada/Entregas/Primer proyecto - Microondas/Entrega Microondas/Proyecto_Microondas/target/test-classes:/mnt/c/Users/ap27r/Desktop/Universidad de Málaga/Ingeniería del Software Avanzada/Entregas/Primer proyecto - Microondas/Entrega Microondas/Proyecto_Microondas/target/classes:/home/davidlinux/.m2/repository/io/cucumber/cucumber-java/7.2.3/cucumber-java-7.2.3.jar:/home/davidlinux/.m2/repository/io/cucumber/cucumber-core/7.2.3/cucumber-core-7.2.3.jar:/home/davidlinux/.m2/repository/io/cucumber/cucumber-gherkin/7.2.3/cucumber-gherkin-7.2.3.jar:/home/davidlinux/.m2/repository/io/cucumber/cucumber-gherkin-messages/7.2.3/cucumber-gherkin-messages-7.2.3.jar:/home/davidlinux/.m2/repository/io/cucumber/messages/17.1.1/messages-17.1.1.jar:/home/davidlinux/.m2/repository/io/cucumber/tag-expressions/4.1.0/tag-expressions-4.1.0.jar:/home/davidlinux/.m2/repository/io/cucumber/cucumber-expressions/15.0.1/cucumber-expressions-15.0.1.jar:/home/davidlinux/.m2/repository/io/cucumber/datatable/7.2.3/datatable-7.2.3.jar:/home/davidlinux/.m2/repository/io/cucumber/cucumber-plugin/7.2.3/cucumber-plugin-7.2.3.jar:/home/davidlinux/.m2/repository/io/cucumber/docstring/7.2.3/docstring-7.2.3.jar:/home/davidlinux/.m2/repository/io/cucumber/html-formatter/17.0.0/html-formatter-17.0.0.jar:/home/davidlinux/.m2/repository/io/cucumber/ci-environment/8.1.0/ci-environment-8.1.0.jar:/home/davidlinux/.m2/repository/org/apiguardian/apiguardian-api/1.1.2/apiguardian-api-1.1.2.jar:/home/davidlinux/.m2/repository/io/cucumber/cucumber-junit-platform-engine/7.2.3/cucumber-junit-platform-engine-7.2.3.jar:/home/davidlinux/.m2/repository/org/junit/platform/junit-platform-engine/1.8.2/junit-platform-engine-1.8.2.jar:/home/davidlinux/.m2/repository/org/opentest4j/opentest4j/1.2.0/opentest4j-1.2.0.jar:/home/davidlinux/.m2/repository/org/junit/platform/junit-platform-commons/1.8.2/junit-platform-commons-1.8.2.jar:/home/davidlinux/.m2/repository/org/junit/platform/junit-platform-suite/1.8.2/junit-platform-suite-1.8.2.jar:/home/davidlinux/.m2/repository/org/junit/platform/junit-platform-suite-api/1.8.2/junit-platform-suite-api-1.8.2.jar:/home/davidlinux/.m2/repository/org/junit/platform/junit-platform-suite-engine/1.8.2/junit-platform-suite-engine-1.8.2.jar:/home/davidlinux/.m2/repository/org/junit/platform/junit-platform-suite-commons/1.8.2/junit-platform-suite-commons-1.8.2.jar:/home/davidlinux/.m2/repository/org/junit/platform/junit-platform-launcher/1.8.2/junit-platform-launcher-1.8.2.jar:/home/davidlinux/.m2/repository/org/junit/jupiter/junit-jupiter/5.8.2/junit-jupiter-5.8.2.jar:/home/davidlinux/.m2/repository/org/junit/jupiter/junit-jupiter-api/5.8.2/junit-jupiter-api-5.8.2.jar:/home/davidlinux/.m2/repository/org/junit/jupiter/junit-jupiter-params/5.8.2/junit-jupiter-params-5.8.2.jar:/home/davidlinux/.m2/repository/org/junit/jupiter/junit-jupiter-engine/5.8.2/junit-jupiter-engine-5.8.2.jar:"/>
    <property name="java.vm.vendor" value="Private Build"/>
    <property name="sun.arch.data.model" value="64"/>
    <property name="java.vendor.url" value="Unknown"/>
    <property name="user.timezone" value=""/>
    <property name="java.vm.specification.version" value="11"/>
    <property name="os.name" value="Linux"/>
    <property name="sun.java.launcher" value="SUN_STANDARD"/>
    <property name="sun.boot.library.path" value="/usr/lib/jvm/java-11-openjdk-amd64/lib"/>
    <property name="sun.java.command" value="/mnt/c/Users/ap27r/Desktop/Universidad de Málaga/Ingeniería del Software Avanzada/Entregas/Primer proyecto - Microondas/Entrega Microondas/Proyecto_Microondas/target/surefire/surefirebooter18202750924148512801.jar /mnt/c/Users/ap27r/Desktop/Universidad de Málaga/Ingeniería del Software Avanzada/Entregas/Primer proyecto - Microondas/Entrega Microondas/Proyecto_Microondas/target/surefire 2022-06-10T21-27-08_910-jvmRun1 surefire16071525118522649644tmp surefire_017121221852245500919tmp"/>
    <property name="jdk.debug" value="release"/>
    <property name="surefire.test.class.path" value="/mnt/c/Users/ap27r/Desktop/Universidad de Málaga/Ingeniería del Software Avanzada/Entregas/Primer proyecto - Microondas/Entrega Microondas/Proyecto_Microondas/target/test-classes:/mnt/c/Users/ap27r/Desktop/Universidad de Málaga/Ingeniería del Software Avanzada/Entregas/Primer proyecto - Microondas/Entrega Microondas/Proyecto_Microondas/target/classes:/home/davidlinux/.m2/repository/io/cucumber/cucumber-java/7.2.3/cucumber-java-7.2.3.jar:/home/davidlinux/.m2/repository/io/cucumber/cucumber-core/7.2.3/cucumber-core-7.2.3.jar:/home/davidlinux/.m2/repository/io/cucumber/cucumber-gherkin/7.2.3/cucumber-gherkin-7.2.3.jar:/home/davidlinux/.m2/repository/io/cucumber/cucumber-gherkin-messages/7.2.3/cucumber-gherkin-messages-7.2.3.jar:/home/davidlinux/.m2/repository/io/cucumber/messages/17.1.1/messages-17.1.1.jar:/home/davidlinux/.m2/repository/io/cucumber/tag-expressions/4.1.0/tag-expressions-4.1.0.jar:/home/davidlinux/.m2/repository/io/cucumber/cucumber-expressions/15.0.1/cucumber-expressions-15.0.1.jar:/home/davidlinux/.m2/repository/io/cucumber/datatable/7.2.3/datatable-7.2.3.jar:/home/davidlinux/.m2/repository/io/cucumber/cucumber-plugin/7.2.3/cucumber-plugin-7.2.3.jar:/home/davidlinux/.m2/repository/io/cucumber/docstring/7.2.3/docstring-7.2.3.jar:/home/davidlinux/.m2/repository/io/cucumber/html-formatter/17.0.0/html-formatter-17.0.0.jar:/home/davidlinux/.m2/repository/io/cucumber/ci-environment/8.1.0/ci-environment-8.1.0.jar:/home/davidlinux/.m2/repository/org/apiguardian/apiguardian-api/1.1.2/apiguardian-api-1.1.2.jar:/home/davidlinux/.m2/repository/io/cucumber/cucumber-junit-platform-engine/7.2.3/cucumber-junit-platform-engine-7.2.3.jar:/home/davidlinux/.m2/repository/org/junit/platform/junit-platform-engine/1.8.2/junit-platform-engine-1.8.2.jar:/home/davidlinux/.m2/repository/org/opentest4j/opentest4j/1.2.0/opentest4j-1.2.0.jar:/home/davidlinux/.m2/repository/org/junit/platform/junit-platform-commons/1.8.2/junit-platform-commons-1.8.2.jar:/home/davidlinux/.m2/repository/org/junit/platform/junit-platform-suite/1.8.2/junit-platform-suite-1.8.2.jar:/home/davidlinux/.m2/repository/org/junit/platform/junit-platform-suite-api/1.8.2/junit-platform-suite-api-1.8.2.jar:/home/davidlinux/.m2/repository/org/junit/platform/junit-platform-suite-engine/1.8.2/junit-platform-suite-engine-1.8.2.jar:/home/davidlinux/.m2/repository/org/junit/platform/junit-platform-suite-commons/1.8.2/junit-platform-suite-commons-1.8.2.jar:/home/davidlinux/.m2/repository/org/junit/platform/junit-platform-launcher/1.8.2/junit-platform-launcher-1.8.2.jar:/home/davidlinux/.m2/repository/org/junit/jupiter/junit-jupiter/5.8.2/junit-jupiter-5.8.2.jar:/home/davidlinux/.m2/repository/org/junit/jupiter/junit-jupiter-api/5.8.2/junit-jupiter-api-5.8.2.jar:/home/davidlinux/.m2/repository/org/junit/jupiter/junit-jupiter-params/5.8.2/junit-jupiter-params-5.8.2.jar:/home/davidlinux/.m2/repository/org/junit/jupiter/junit-jupiter-engine/5.8.2/junit-jupiter-engine-5.8.2.jar:"/>
    <property name="sun.cpu.endian" value="little"/>
    <property name="user.home" value="/home/davidlinux"/>
    <property name="user.language" value="en"/>
    <property name="java.specification.vendor" value="Oracle Corporation"/>
    <property name="java.version.date" value="2022-04-19"/>
    <property name="java.home" value="/usr/lib/jvm/java-11-openjdk-amd64"/>
    <property name="file.separator" value="/"/>
    <property name="basedir" value="/mnt/c/Users/ap27r/Desktop/Universidad de Málaga/Ingeniería del Software Avanzada/Entregas/Primer proyecto - Microondas/Entrega Microondas/Proyecto_Microondas"/>
    <property name="java.vm.compressedOopsMode" value="32-bit"/>
    <property name="line.separator" value="&#10;"/>
    <property name="java.specification.name" value="Java Platform API Specification"/>
    <property name="java.vm.specification.vendor" value="Oracle Corporation"/>
    <property name="java.awt.graphicsenv" value="sun.awt.X11GraphicsEnvironment"/>
    <property name="surefire.real.class.path" value="/mnt/c/Users/ap27r/Desktop/Universidad de Málaga/Ingeniería del Software Avanzada/Entregas/Primer proyecto - Microondas/Entrega Microondas/Proyecto_Microondas/target/surefire/surefirebooter18202750924148512801.jar"/>
    <property name="sun.management.compiler" value="HotSpot 64-Bit Tiered Compilers"/>
    <property name="java.runtime.version" value="11.0.15+10-Ubuntu-0ubuntu0.20.04.1"/>
    <property name="user.name" value="davidlinux"/>
    <property name="path.separator" value=":"/>
    <property name="os.version" value="5.10.102.1-microsoft-standard-WSL2"/>
    <property name="java.runtime.name" value="OpenJDK Runtime Environment"/>
    <property name="file.encoding" value="UTF-8"/>
    <property name="java.vm.name" value="OpenJDK 64-Bit Server VM"/>
    <property name="localRepository" value="/home/davidlinux/.m2/repository"/>
    <property name="java.vendor.url.bug" value="Unknown"/>
    <property name="java.io.tmpdir" value="/tmp"/>
    <property name="java.version" value="11.0.15"/>
    <property name="user.dir" value="/mnt/c/Users/ap27r/Desktop/Universidad de Málaga/Ingeniería del Software Avanzada/Entregas/Primer proyecto - Microondas/Entrega Microondas/Proyecto_Microondas"/>
    <property name="os.arch" value="amd64"/>
    <property name="java.vm.specification.name" value="Java Virtual Machine Specification"/>
    <property name="java.awt.printerjob" value="sun.print.PSPrinterJob"/>
    <property name="sun.os.patch.level" value="unknown"/>
    <property name="java.library.path" value="/usr/java/packages/lib:/usr/lib/x86_64-linux-gnu/jni:/lib/x86_64-linux-gnu:/usr/lib/x86_64-linux-gnu:/usr/lib/jni:/lib:/usr/lib"/>
    <property name="java.vm.info" value="mixed mode, sharing"/>
    <property name="java.vendor" value="Private Build"/>
    <property name="java.vm.version" value="11.0.15+10-Ubuntu-0ubuntu0.20.04.1"/>
    <property name="sun.io.unicode.encoding" value="UnicodeLittle"/>
    <property name="java.class.version" value="55.0"/>
  </properties>
  <testcase name="Testing fourth State - Cook" classname="Testing fourth State" time="0.471">
    <system-out><![CDATA[
Scenario: Cook                   &amp#27;[90m# io/cucumber/skeleton/MW_ClosedWithItem.feature:3&amp#27;[0m
  &amp#27;[32mGiven &amp#27;[0m&amp#27;[32mTesting fourth State&amp#27;[0m     &amp#27;[90m# microwave_Cucumber_Test.StepDefinitions.fourth_State()&amp#27;[0m
  &amp#27;[32mWhen &amp#27;[0m&amp#27;[32mSet power to &amp#27;[0m&amp#27;[32m&amp#27;[1m10&amp#27;[0m           &amp#27;[90m# microwave_Cucumber_Test.StepDefinitions.set_Power(java.lang.Integer)&amp#27;[0m
  &amp#27;[32mAnd &amp#27;[0m&amp#27;[32mWe settle timer at &amp#27;[0m&amp#27;[32m&amp#27;[1m90&amp#27;[0m&amp#27;[32m s&amp#27;[0m    &amp#27;[90m# microwave_Cucumber_Test.StepDefinitions.setTimer(java.lang.Integer)&amp#27;[0m
  &amp#27;[32mAnd &amp#27;[0m&amp#27;[32mPress start cooking&amp#27;[0m        &amp#27;[90m# microwave_Cucumber_Test.StepDefinitions.try_to_cook()&amp#27;[0m
  &amp#27;[32mThen &amp#27;[0m&amp#27;[32mWe are in the fifth State&amp#27;[0m &amp#27;[90m# microwave_Cucumber_Test.StepDefinitions.microwaveCooking()&amp#27;[0m
]]></system-out>
  </testcase>
  <testcase name="Testing fourth State - Setting power - Examples - Example #1" classname="Testing fourth State - Setting power - Examples" time="0.023">
    <system-out><![CDATA[
Scenario Outline: Setting power &amp#27;[90m# io/cucumber/skeleton/MW_ClosedWithItem.feature:17&amp#27;[0m
  &amp#27;[32mGiven &amp#27;[0m&amp#27;[32mTesting fourth State&amp#27;[0m    &amp#27;[90m# microwave_Cucumber_Test.StepDefinitions.fourth_State()&amp#27;[0m
  &amp#27;[32mWhen &amp#27;[0m&amp#27;[32mSet power to &amp#27;[0m&amp#27;[32m&amp#27;[1m10&amp#27;[0m          &amp#27;[90m# microwave_Cucumber_Test.StepDefinitions.set_Power(java.lang.Integer)&amp#27;[0m
  &amp#27;[32mThen &amp#27;[0m&amp#27;[32mScreen value is &amp#27;[0m&amp#27;[32m&amp#27;[1m"100"&amp#27;[0m    &amp#27;[90m# microwave_Cucumber_Test.StepDefinitions.screenShows(java.lang.String)&amp#27;[0m
]]></system-out>
  </testcase>
  <testcase name="Testing fourth State - Setting power - Examples - Example #2" classname="Testing fourth State - Setting power - Examples" time="0.027">
    <system-out><![CDATA[
Scenario Outline: Setting power &amp#27;[90m# io/cucumber/skeleton/MW_ClosedWithItem.feature:18&amp#27;[0m
  &amp#27;[32mGiven &amp#27;[0m&amp#27;[32mTesting fourth State&amp#27;[0m    &amp#27;[90m# microwave_Cucumber_Test.StepDefinitions.fourth_State()&amp#27;[0m
  &amp#27;[32mWhen &amp#27;[0m&amp#27;[32mSet power to &amp#27;[0m&amp#27;[32m&amp#27;[1m0&amp#27;[0m           &amp#27;[90m# microwave_Cucumber_Test.StepDefinitions.set_Power(java.lang.Integer)&amp#27;[0m
  &amp#27;[32mThen &amp#27;[0m&amp#27;[32mScreen value is &amp#27;[0m&amp#27;[32m&amp#27;[1m"0"&amp#27;[0m      &amp#27;[90m# microwave_Cucumber_Test.StepDefinitions.screenShows(java.lang.String)&amp#27;[0m
]]></system-out>
  </testcase>
  <testcase name="Testing fourth State - Setting power - Examples - Example #3" classname="Testing fourth State - Setting power - Examples" time="0.027">
    <system-out><![CDATA[
Scenario Outline: Setting power &amp#27;[90m# io/cucumber/skeleton/MW_ClosedWithItem.feature:19&amp#27;[0m
  &amp#27;[32mGiven &amp#27;[0m&amp#27;[32mTesting fourth State&amp#27;[0m    &amp#27;[90m# microwave_Cucumber_Test.StepDefinitions.fourth_State()&amp#27;[0m
  &amp#27;[32mWhen &amp#27;[0m&amp#27;[32mSet power to &amp#27;[0m&amp#27;[32m&amp#27;[1m-1&amp#27;[0m          &amp#27;[90m# microwave_Cucumber_Test.StepDefinitions.set_Power(java.lang.Integer)&amp#27;[0m
  &amp#27;[32mThen &amp#27;[0m&amp#27;[32mScreen value is &amp#27;[0m&amp#27;[32m&amp#27;[1m"0"&amp#27;[0m      &amp#27;[90m# microwave_Cucumber_Test.StepDefinitions.screenShows(java.lang.String)&amp#27;[0m
]]></system-out>
  </testcase>
  <testcase name="Testing fourth State - Setting timer - Examples - Example #1" classname="Testing fourth State - Setting timer - Examples" time="0.024">
    <system-out><![CDATA[
Scenario Outline: Setting timer &amp#27;[90m# io/cucumber/skeleton/MW_ClosedWithItem.feature:28&amp#27;[0m
  &amp#27;[32mGiven &amp#27;[0m&amp#27;[32mTesting fourth State&amp#27;[0m    &amp#27;[90m# microwave_Cucumber_Test.StepDefinitions.fourth_State()&amp#27;[0m
  &amp#27;[32mWhen &amp#27;[0m&amp#27;[32mWe settle timer at &amp#27;[0m&amp#27;[32m&amp#27;[1m88&amp#27;[0m&amp#27;[32m s&amp#27;[0m  &amp#27;[90m# microwave_Cucumber_Test.StepDefinitions.setTimer(java.lang.Integer)&amp#27;[0m
  &amp#27;[32mThen &amp#27;[0m&amp#27;[32mScreen value is &amp#27;[0m&amp#27;[32m&amp#27;[1m"88"&amp#27;[0m     &amp#27;[90m# microwave_Cucumber_Test.StepDefinitions.screenShows(java.lang.String)&amp#27;[0m
]]></system-out>
  </testcase>
  <testcase name="Testing fourth State - Setting timer - Examples - Example #2" classname="Testing fourth State - Setting timer - Examples" time="0.025">
    <system-out><![CDATA[
Scenario Outline: Setting timer &amp#27;[90m# io/cucumber/skeleton/MW_ClosedWithItem.feature:29&amp#27;[0m
  &amp#27;[32mGiven &amp#27;[0m&amp#27;[32mTesting fourth State&amp#27;[0m    &amp#27;[90m# microwave_Cucumber_Test.StepDefinitions.fourth_State()&amp#27;[0m
  &amp#27;[32mWhen &amp#27;[0m&amp#27;[32mWe settle timer at &amp#27;[0m&amp#27;[32m&amp#27;[1m0&amp#27;[0m&amp#27;[32m s&amp#27;[0m   &amp#27;[90m# microwave_Cucumber_Test.StepDefinitions.setTimer(java.lang.Integer)&amp#27;[0m
  &amp#27;[32mThen &amp#27;[0m&amp#27;[32mScreen value is &amp#27;[0m&amp#27;[32m&amp#27;[1m"0"&amp#27;[0m      &amp#27;[90m# microwave_Cucumber_Test.StepDefinitions.screenShows(java.lang.String)&amp#27;[0m
]]></system-out>
  </testcase>
  <testcase name="Testing fourth State - Setting timer - Examples - Example #3" classname="Testing fourth State - Setting timer - Examples" time="0.027">
    <system-out><![CDATA[
Scenario Outline: Setting timer  &amp#27;[90m# io/cucumber/skeleton/MW_ClosedWithItem.feature:30&amp#27;[0m
  &amp#27;[32mGiven &amp#27;[0m&amp#27;[32mTesting fourth State&amp#27;[0m     &amp#27;[90m# microwave_Cucumber_Test.StepDefinitions.fourth_State()&amp#27;[0m
  &amp#27;[32mWhen &amp#27;[0m&amp#27;[32mWe settle timer at &amp#27;[0m&amp#27;[32m&amp#27;[1m-888&amp#27;[0m&amp#27;[32m s&amp#27;[0m &amp#27;[90m# microwave_Cucumber_Test.StepDefinitions.setTimer(java.lang.Integer)&amp#27;[0m
  &amp#27;[32mThen &amp#27;[0m&amp#27;[32mScreen value is &amp#27;[0m&amp#27;[32m&amp#27;[1m"0"&amp#27;[0m       &amp#27;[90m# microwave_Cucumber_Test.StepDefinitions.screenShows(java.lang.String)&amp#27;[0m
]]></system-out>
  </testcase>
  <testcase name="Testing first State - Setting power - Examples - Example #1" classname="Testing first State - Setting power - Examples" time="0.024">
    <system-out><![CDATA[
Scenario Outline: Setting power &amp#27;[90m# io/cucumber/skeleton/MW_ClosedWithNoItem.feature:10&amp#27;[0m
  &amp#27;[32mGiven &amp#27;[0m&amp#27;[32mTesting first State&amp#27;[0m     &amp#27;[90m# microwave_Cucumber_Test.StepDefinitions.first_State()&amp#27;[0m
  &amp#27;[32mWhen &amp#27;[0m&amp#27;[32mSet power to &amp#27;[0m&amp#27;[32m&amp#27;[1m10&amp#27;[0m          &amp#27;[90m# microwave_Cucumber_Test.StepDefinitions.set_Power(java.lang.Integer)&amp#27;[0m
  &amp#27;[32mThen &amp#27;[0m&amp#27;[32mScreen value is &amp#27;[0m&amp#27;[32m&amp#27;[1m"100"&amp#27;[0m    &amp#27;[90m# microwave_Cucumber_Test.StepDefinitions.screenShows(java.lang.String)&amp#27;[0m
]]></system-out>
  </testcase>
  <testcase name="Testing first State - Setting power - Examples - Example #2" classname="Testing first State - Setting power - Examples" time="0.024">
    <system-out><![CDATA[
Scenario Outline: Setting power &amp#27;[90m# io/cucumber/skeleton/MW_ClosedWithNoItem.feature:11&amp#27;[0m
  &amp#27;[32mGiven &amp#27;[0m&amp#27;[32mTesting first State&amp#27;[0m     &amp#27;[90m# microwave_Cucumber_Test.StepDefinitions.first_State()&amp#27;[0m
  &amp#27;[32mWhen &amp#27;[0m&amp#27;[32mSet power to &amp#27;[0m&amp#27;[32m&amp#27;[1m0&amp#27;[0m           &amp#27;[90m# microwave_Cucumber_Test.StepDefinitions.set_Power(java.lang.Integer)&amp#27;[0m
  &amp#27;[32mThen &amp#27;[0m&amp#27;[32mScreen value is &amp#27;[0m&amp#27;[32m&amp#27;[1m"0"&amp#27;[0m      &amp#27;[90m# microwave_Cucumber_Test.StepDefinitions.screenShows(java.lang.String)&amp#27;[0m
]]></system-out>
  </testcase>
  <testcase name="Testing first State - Setting power - Examples - Example #3" classname="Testing first State - Setting power - Examples" time="0.027">
    <system-out><![CDATA[
Scenario Outline: Setting power &amp#27;[90m# io/cucumber/skeleton/MW_ClosedWithNoItem.feature:12&amp#27;[0m
  &amp#27;[32mGiven &amp#27;[0m&amp#27;[32mTesting first State&amp#27;[0m     &amp#27;[90m# microwave_Cucumber_Test.StepDefinitions.first_State()&amp#27;[0m
  &amp#27;[32mWhen &amp#27;[0m&amp#27;[32mSet power to &amp#27;[0m&amp#27;[32m&amp#27;[1m-1&amp#27;[0m          &amp#27;[90m# microwave_Cucumber_Test.StepDefinitions.set_Power(java.lang.Integer)&amp#27;[0m
  &amp#27;[32mThen &amp#27;[0m&amp#27;[32mScreen value is &amp#27;[0m&amp#27;[32m&amp#27;[1m"0"&amp#27;[0m      &amp#27;[90m# microwave_Cucumber_Test.StepDefinitions.screenShows(java.lang.String)&amp#27;[0m
]]></system-out>
  </testcase>
  <testcase name="Testing first State - Setting timer - Examples - Example #1" classname="Testing first State - Setting timer - Examples" time="0.022">
    <system-out><![CDATA[
Scenario Outline: Setting timer  &amp#27;[90m# io/cucumber/skeleton/MW_ClosedWithNoItem.feature:21&amp#27;[0m
  &amp#27;[32mGiven &amp#27;[0m&amp#27;[32mTesting first State&amp#27;[0m      &amp#27;[90m# microwave_Cucumber_Test.StepDefinitions.first_State()&amp#27;[0m
  &amp#27;[32mWhen &amp#27;[0m&amp#27;[32mWe settle timer at &amp#27;[0m&amp#27;[32m&amp#27;[1m-888&amp#27;[0m&amp#27;[32m s&amp#27;[0m &amp#27;[90m# microwave_Cucumber_Test.StepDefinitions.setTimer(java.lang.Integer)&amp#27;[0m
  &amp#27;[32mThen &amp#27;[0m&amp#27;[32mScreen value is &amp#27;[0m&amp#27;[32m&amp#27;[1m"0"&amp#27;[0m       &amp#27;[90m# microwave_Cucumber_Test.StepDefinitions.screenShows(java.lang.String)&amp#27;[0m
]]></system-out>
  </testcase>
  <testcase name="Testing first State - Setting timer - Examples - Example #2" classname="Testing first State - Setting timer - Examples" time="0.027">
    <system-out><![CDATA[
Scenario Outline: Setting timer &amp#27;[90m# io/cucumber/skeleton/MW_ClosedWithNoItem.feature:22&amp#27;[0m
  &amp#27;[32mGiven &amp#27;[0m&amp#27;[32mTesting first State&amp#27;[0m     &amp#27;[90m# microwave_Cucumber_Test.StepDefinitions.first_State()&amp#27;[0m
  &amp#27;[32mWhen &amp#27;[0m&amp#27;[32mWe settle timer at &amp#27;[0m&amp#27;[32m&amp#27;[1m0&amp#27;[0m&amp#27;[32m s&amp#27;[0m   &amp#27;[90m# microwave_Cucumber_Test.StepDefinitions.setTimer(java.lang.Integer)&amp#27;[0m
  &amp#27;[32mThen &amp#27;[0m&amp#27;[32mScreen value is &amp#27;[0m&amp#27;[32m&amp#27;[1m"0"&amp#27;[0m      &amp#27;[90m# microwave_Cucumber_Test.StepDefinitions.screenShows(java.lang.String)&amp#27;[0m
]]></system-out>
  </testcase>
  <testcase name="Testing first State - Setting timer - Examples - Example #3" classname="Testing first State - Setting timer - Examples" time="0.023">
    <system-out><![CDATA[
Scenario Outline: Setting timer &amp#27;[90m# io/cucumber/skeleton/MW_ClosedWithNoItem.feature:23&amp#27;[0m
  &amp#27;[32mGiven &amp#27;[0m&amp#27;[32mTesting first State&amp#27;[0m     &amp#27;[90m# microwave_Cucumber_Test.StepDefinitions.first_State()&amp#27;[0m
  &amp#27;[32mWhen &amp#27;[0m&amp#27;[32mWe settle timer at &amp#27;[0m&amp#27;[32m&amp#27;[1m88&amp#27;[0m&amp#27;[32m s&amp#27;[0m  &amp#27;[90m# microwave_Cucumber_Test.StepDefinitions.setTimer(java.lang.Integer)&amp#27;[0m
  &amp#27;[32mThen &amp#27;[0m&amp#27;[32mScreen value is &amp#27;[0m&amp#27;[32m&amp#27;[1m"88"&amp#27;[0m     &amp#27;[90m# microwave_Cucumber_Test.StepDefinitions.screenShows(java.lang.String)&amp#27;[0m
]]></system-out>
  </testcase>
  <testcase name="Testing fifth State - Cook correctly" classname="Testing fifth State" time="0.063">
    <system-out><![CDATA[
Scenario: Cook correctly           &amp#27;[90m# io/cucumber/skeleton/MW_Cooking.feature:3&amp#27;[0m
  &amp#27;[32mGiven &amp#27;[0m&amp#27;[32mTesting fourth State&amp#27;[0m       &amp#27;[90m# microwave_Cucumber_Test.StepDefinitions.fourth_State()&amp#27;[0m
  &amp#27;[32mWhen &amp#27;[0m&amp#27;[32mIncrease the power &amp#27;[0m&amp#27;[32m&amp#27;[1m10&amp#27;[0m&amp#27;[32m times&amp#27;[0m &amp#27;[90m# microwave_Cucumber_Test.StepDefinitions.increase_Power(java.lang.Integer)&amp#27;[0m
  &amp#27;[32mAnd &amp#27;[0m&amp#27;[32mWe settle timer at &amp#27;[0m&amp#27;[32m&amp#27;[1m60&amp#27;[0m&amp#27;[32m s&amp#27;[0m      &amp#27;[90m# microwave_Cucumber_Test.StepDefinitions.setTimer(java.lang.Integer)&amp#27;[0m
  &amp#27;[32mAnd &amp#27;[0m&amp#27;[32mPress start cooking&amp#27;[0m          &amp#27;[90m# microwave_Cucumber_Test.StepDefinitions.try_to_cook()&amp#27;[0m
  &amp#27;[32mThen &amp#27;[0m&amp#27;[32mWe are in the fifth State&amp#27;[0m   &amp#27;[90m# microwave_Cucumber_Test.StepDefinitions.microwaveCooking()&amp#27;[0m
  &amp#27;[32mAnd &amp#27;[0m&amp#27;[32mHeating heats&amp#27;[0m                &amp#27;[90m# microwave_Cucumber_Test.StepDefinitions.magnetronWorking()&amp#27;[0m
  &amp#27;[32mAnd &amp#27;[0m&amp#27;[32mLamp turns on&amp#27;[0m                &amp#27;[90m# microwave_Cucumber_Test.StepDefinitions.lampIsOn()&amp#27;[0m
  &amp#27;[32mAnd &amp#27;[0m&amp#27;[32mTurntable turns&amp#27;[0m              &amp#27;[90m# microwave_Cucumber_Test.StepDefinitions.turntableIsTurnning()&amp#27;[0m
]]></system-out>
  </testcase>
  <testcase name="Testing fifth State - Testing change while runing 1" classname="Testing fifth State" time="0.023">
    <system-out><![CDATA[
Scenario: Testing change while runing 1                  &amp#27;[90m# io/cucumber/skeleton/MW_Cooking.feature:13&amp#27;[0m
  &amp#27;[32mGiven &amp#27;[0m&amp#27;[32mA running microwave with &amp#27;[0m&amp#27;[32m&amp#27;[1m2000&amp#27;[0m&amp#27;[32m power and &amp#27;[0m&amp#27;[32m&amp#27;[1m60&amp#27;[0m&amp#27;[32m timer&amp#27;[0m &amp#27;[90m# microwave_Cucumber_Test.StepDefinitions.cooking(java.lang.Integer,java.lang.Integer)&amp#27;[0m
  &amp#27;[32mWhen &amp#27;[0m&amp#27;[32mIncrease the power &amp#27;[0m&amp#27;[32m&amp#27;[1m1&amp#27;[0m&amp#27;[32m times&amp#27;[0m                        &amp#27;[90m# microwave_Cucumber_Test.StepDefinitions.increase_Power(java.lang.Integer)&amp#27;[0m
  &amp#27;[32mThen &amp#27;[0m&amp#27;[32mScreen value is &amp#27;[0m&amp#27;[32m&amp#27;[1m"2010"&amp#27;[0m                            &amp#27;[90m# microwave_Cucumber_Test.StepDefinitions.screenShows(java.lang.String)&amp#27;[0m
]]></system-out>
  </testcase>
  <testcase name="Testing fifth State - Testing change while runing 2" classname="Testing fifth State" time="0.027">
    <system-out><![CDATA[
Scenario: Testing change while runing 2                &amp#27;[90m# io/cucumber/skeleton/MW_Cooking.feature:18&amp#27;[0m
  &amp#27;[32mGiven &amp#27;[0m&amp#27;[32mA running microwave with &amp#27;[0m&amp#27;[32m&amp#27;[1m800&amp#27;[0m&amp#27;[32m power and &amp#27;[0m&amp#27;[32m&amp#27;[1m1&amp#27;[0m&amp#27;[32m timer&amp#27;[0m &amp#27;[90m# microwave_Cucumber_Test.StepDefinitions.cooking(java.lang.Integer,java.lang.Integer)&amp#27;[0m
  &amp#27;[32mWhen &amp#27;[0m&amp#27;[32mWe settle timer at &amp#27;[0m&amp#27;[32m&amp#27;[1m2&amp#27;[0m&amp#27;[32m s&amp#27;[0m                          &amp#27;[90m# microwave_Cucumber_Test.StepDefinitions.setTimer(java.lang.Integer)&amp#27;[0m
  &amp#27;[32mThen &amp#27;[0m&amp#27;[32mScreen value is &amp#27;[0m&amp#27;[32m&amp#27;[1m"2"&amp#27;[0m                             &amp#27;[90m# microwave_Cucumber_Test.StepDefinitions.screenShows(java.lang.String)&amp#27;[0m
]]></system-out>
  </testcase>
  <testcase name="Testing fifth State - Testing change while runing 3" classname="Testing fifth State" time="0.023">
    <system-out><![CDATA[
Scenario: Testing change while runing 3                &amp#27;[90m# io/cucumber/skeleton/MW_Cooking.feature:23&amp#27;[0m
  &amp#27;[32mGiven &amp#27;[0m&amp#27;[32mA running microwave with &amp#27;[0m&amp#27;[32m&amp#27;[1m800&amp#27;[0m&amp#27;[32m power and &amp#27;[0m&amp#27;[32m&amp#27;[1m2&amp#27;[0m&amp#27;[32m timer&amp#27;[0m &amp#27;[90m# microwave_Cucumber_Test.StepDefinitions.cooking(java.lang.Integer,java.lang.Integer)&amp#27;[0m
  &amp#27;[32mWhen &amp#27;[0m&amp#27;[32mWe settle timer at &amp#27;[0m&amp#27;[32m&amp#27;[1m1&amp#27;[0m&amp#27;[32m s&amp#27;[0m                          &amp#27;[90m# microwave_Cucumber_Test.StepDefinitions.setTimer(java.lang.Integer)&amp#27;[0m
  &amp#27;[32mThen &amp#27;[0m&amp#27;[32mScreen value is &amp#27;[0m&amp#27;[32m&amp#27;[1m"1"&amp#27;[0m                             &amp#27;[90m# microwave_Cucumber_Test.StepDefinitions.screenShows(java.lang.String)&amp#27;[0m
]]></system-out>
  </testcase>
  <testcase name="Testing fifth State - Testing Display - Examples - Example #1" classname="Testing fifth State - Testing Display - Examples" time="0.03">
    <system-out><![CDATA[
Scenario Outline: Testing Display &amp#27;[90m# io/cucumber/skeleton/MW_Cooking.feature:36&amp#27;[0m
  &amp#27;[32mGiven &amp#27;[0m&amp#27;[32mTesting fourth State&amp#27;[0m      &amp#27;[90m# microwave_Cucumber_Test.StepDefinitions.fourth_State()&amp#27;[0m
  &amp#27;[32mWhen &amp#27;[0m&amp#27;[32mWe settle timer at &amp#27;[0m&amp#27;[32m&amp#27;[1m15&amp#27;[0m&amp#27;[32m s&amp#27;[0m    &amp#27;[90m# microwave_Cucumber_Test.StepDefinitions.setTimer(java.lang.Integer)&amp#27;[0m
  &amp#27;[32mAnd &amp#27;[0m&amp#27;[32mIncrease the power &amp#27;[0m&amp#27;[32m&amp#27;[1m63&amp#27;[0m&amp#27;[32m times&amp#27;[0m &amp#27;[90m# microwave_Cucumber_Test.StepDefinitions.increase_Power(java.lang.Integer)&amp#27;[0m
  &amp#27;[32mThen &amp#27;[0m&amp#27;[32mScreen value is &amp#27;[0m&amp#27;[32m&amp#27;[1m"630"&amp#27;[0m      &amp#27;[90m# microwave_Cucumber_Test.StepDefinitions.screenShows(java.lang.String)&amp#27;[0m
]]></system-out>
  </testcase>
  <testcase name="Testing fifth State - Testing Display - Examples - Example #2" classname="Testing fifth State - Testing Display - Examples" time="0.028">
    <system-out><![CDATA[
Scenario Outline: Testing Display &amp#27;[90m# io/cucumber/skeleton/MW_Cooking.feature:37&amp#27;[0m
  &amp#27;[32mGiven &amp#27;[0m&amp#27;[32mTesting fourth State&amp#27;[0m      &amp#27;[90m# microwave_Cucumber_Test.StepDefinitions.fourth_State()&amp#27;[0m
  &amp#27;[32mWhen &amp#27;[0m&amp#27;[32mWe settle timer at &amp#27;[0m&amp#27;[32m&amp#27;[1m30&amp#27;[0m&amp#27;[32m s&amp#27;[0m    &amp#27;[90m# microwave_Cucumber_Test.StepDefinitions.setTimer(java.lang.Integer)&amp#27;[0m
  &amp#27;[32mAnd &amp#27;[0m&amp#27;[32mIncrease the power &amp#27;[0m&amp#27;[32m&amp#27;[1m75&amp#27;[0m&amp#27;[32m times&amp#27;[0m &amp#27;[90m# microwave_Cucumber_Test.StepDefinitions.increase_Power(java.lang.Integer)&amp#27;[0m
  &amp#27;[32mThen &amp#27;[0m&amp#27;[32mScreen value is &amp#27;[0m&amp#27;[32m&amp#27;[1m"750"&amp#27;[0m      &amp#27;[90m# microwave_Cucumber_Test.StepDefinitions.screenShows(java.lang.String)&amp#27;[0m
]]></system-out>
  </testcase>
  <testcase name="Testing fifth State - Testing Display - Examples - Example #3" classname="Testing fifth State - Testing Display - Examples" time="0.029">
    <system-out><![CDATA[
Scenario Outline: Testing Display &amp#27;[90m# io/cucumber/skeleton/MW_Cooking.feature:38&amp#27;[0m
  &amp#27;[32mGiven &amp#27;[0m&amp#27;[32mTesting fourth State&amp#27;[0m      &amp#27;[90m# microwave_Cucumber_Test.StepDefinitions.fourth_State()&amp#27;[0m
  &amp#27;[32mWhen &amp#27;[0m&amp#27;[32mWe settle timer at &amp#27;[0m&amp#27;[32m&amp#27;[1m100&amp#27;[0m&amp#27;[32m s&amp#27;[0m   &amp#27;[90m# microwave_Cucumber_Test.StepDefinitions.setTimer(java.lang.Integer)&amp#27;[0m
  &amp#27;[32mAnd &amp#27;[0m&amp#27;[32mIncrease the power &amp#27;[0m&amp#27;[32m&amp#27;[1m89&amp#27;[0m&amp#27;[32m times&amp#27;[0m &amp#27;[90m# microwave_Cucumber_Test.StepDefinitions.increase_Power(java.lang.Integer)&amp#27;[0m
  &amp#27;[32mThen &amp#27;[0m&amp#27;[32mScreen value is &amp#27;[0m&amp#27;[32m&amp#27;[1m"890"&amp#27;[0m      &amp#27;[90m# microwave_Cucumber_Test.StepDefinitions.screenShows(java.lang.String)&amp#27;[0m
]]></system-out>
  </testcase>
  <testcase name="Testing third State - Setting power - Examples - Example #1" classname="Testing third State - Setting power - Examples" time="0.035">
    <system-out><![CDATA[
Scenario Outline: Setting power &amp#27;[90m# io/cucumber/skeleton/MW_OpenWithItem.feature:10&amp#27;[0m
  &amp#27;[32mGiven &amp#27;[0m&amp#27;[32mTesting third State&amp#27;[0m     &amp#27;[90m# microwave_Cucumber_Test.StepDefinitions.third_State()&amp#27;[0m
  &amp#27;[32mWhen &amp#27;[0m&amp#27;[32mSet power to &amp#27;[0m&amp#27;[32m&amp#27;[1m1&amp#27;[0m           &amp#27;[90m# microwave_Cucumber_Test.StepDefinitions.set_Power(java.lang.Integer)&amp#27;[0m
  &amp#27;[32mThen &amp#27;[0m&amp#27;[32mScreen value is &amp#27;[0m&amp#27;[32m&amp#27;[1m"10"&amp#27;[0m     &amp#27;[90m# microwave_Cucumber_Test.StepDefinitions.screenShows(java.lang.String)&amp#27;[0m
]]></system-out>
  </testcase>
  <testcase name="Testing third State - Setting power - Examples - Example #2" classname="Testing third State - Setting power - Examples" time="0.026">
    <system-out><![CDATA[
Scenario Outline: Setting power &amp#27;[90m# io/cucumber/skeleton/MW_OpenWithItem.feature:11&amp#27;[0m
  &amp#27;[32mGiven &amp#27;[0m&amp#27;[32mTesting third State&amp#27;[0m     &amp#27;[90m# microwave_Cucumber_Test.StepDefinitions.third_State()&amp#27;[0m
  &amp#27;[32mWhen &amp#27;[0m&amp#27;[32mSet power to &amp#27;[0m&amp#27;[32m&amp#27;[1m0&amp#27;[0m           &amp#27;[90m# microwave_Cucumber_Test.StepDefinitions.set_Power(java.lang.Integer)&amp#27;[0m
  &amp#27;[32mThen &amp#27;[0m&amp#27;[32mScreen value is &amp#27;[0m&amp#27;[32m&amp#27;[1m"0"&amp#27;[0m      &amp#27;[90m# microwave_Cucumber_Test.StepDefinitions.screenShows(java.lang.String)&amp#27;[0m
]]></system-out>
  </testcase>
  <testcase name="Testing third State - Setting timer - Examples - Example #1" classname="Testing third State - Setting timer - Examples" time="0.024">
    <system-out><![CDATA[
Scenario Outline: Setting timer &amp#27;[90m# io/cucumber/skeleton/MW_OpenWithItem.feature:20&amp#27;[0m
  &amp#27;[32mGiven &amp#27;[0m&amp#27;[32mTesting third State&amp#27;[0m     &amp#27;[90m# microwave_Cucumber_Test.StepDefinitions.third_State()&amp#27;[0m
  &amp#27;[32mWhen &amp#27;[0m&amp#27;[32mWe settle timer at &amp#27;[0m&amp#27;[32m&amp#27;[1m-1&amp#27;[0m&amp#27;[32m s&amp#27;[0m  &amp#27;[90m# microwave_Cucumber_Test.StepDefinitions.setTimer(java.lang.Integer)&amp#27;[0m
  &amp#27;[32mThen &amp#27;[0m&amp#27;[32mScreen value is &amp#27;[0m&amp#27;[32m&amp#27;[1m"0"&amp#27;[0m      &amp#27;[90m# microwave_Cucumber_Test.StepDefinitions.screenShows(java.lang.String)&amp#27;[0m
]]></system-out>
  </testcase>
  <testcase name="Testing third State - Setting timer - Examples - Example #2" classname="Testing third State - Setting timer - Examples" time="0.022">
    <system-out><![CDATA[
Scenario Outline: Setting timer &amp#27;[90m# io/cucumber/skeleton/MW_OpenWithItem.feature:21&amp#27;[0m
  &amp#27;[32mGiven &amp#27;[0m&amp#27;[32mTesting third State&amp#27;[0m     &amp#27;[90m# microwave_Cucumber_Test.StepDefinitions.third_State()&amp#27;[0m
  &amp#27;[32mWhen &amp#27;[0m&amp#27;[32mWe settle timer at &amp#27;[0m&amp#27;[32m&amp#27;[1m0&amp#27;[0m&amp#27;[32m s&amp#27;[0m   &amp#27;[90m# microwave_Cucumber_Test.StepDefinitions.setTimer(java.lang.Integer)&amp#27;[0m
  &amp#27;[32mThen &amp#27;[0m&amp#27;[32mScreen value is &amp#27;[0m&amp#27;[32m&amp#27;[1m"0"&amp#27;[0m      &amp#27;[90m# microwave_Cucumber_Test.StepDefinitions.screenShows(java.lang.String)&amp#27;[0m
]]></system-out>
  </testcase>
  <testcase name="Testing third State - Setting timer - Examples - Example #3" classname="Testing third State - Setting timer - Examples" time="0.024">
    <system-out><![CDATA[
Scenario Outline: Setting timer &amp#27;[90m# io/cucumber/skeleton/MW_OpenWithItem.feature:22&amp#27;[0m
  &amp#27;[32mGiven &amp#27;[0m&amp#27;[32mTesting third State&amp#27;[0m     &amp#27;[90m# microwave_Cucumber_Test.StepDefinitions.third_State()&amp#27;[0m
  &amp#27;[32mWhen &amp#27;[0m&amp#27;[32mWe settle timer at &amp#27;[0m&amp#27;[32m&amp#27;[1m60&amp#27;[0m&amp#27;[32m s&amp#27;[0m  &amp#27;[90m# microwave_Cucumber_Test.StepDefinitions.setTimer(java.lang.Integer)&amp#27;[0m
  &amp#27;[32mThen &amp#27;[0m&amp#27;[32mScreen value is &amp#27;[0m&amp#27;[32m&amp#27;[1m"60"&amp#27;[0m     &amp#27;[90m# microwave_Cucumber_Test.StepDefinitions.screenShows(java.lang.String)&amp#27;[0m
]]></system-out>
  </testcase>
  <testcase name="Testing second State - Setting power - Examples - Example #1" classname="Testing second State - Setting power - Examples" time="0.026">
    <system-out><![CDATA[
Scenario Outline: Setting power &amp#27;[90m# io/cucumber/skeleton/MW_OpenWithNoItem.feature:10&amp#27;[0m
  &amp#27;[32mGiven &amp#27;[0m&amp#27;[32mTesting second State&amp#27;[0m    &amp#27;[90m# microwave_Cucumber_Test.StepDefinitions.second_State()&amp#27;[0m
  &amp#27;[32mWhen &amp#27;[0m&amp#27;[32mSet power to &amp#27;[0m&amp#27;[32m&amp#27;[1m0&amp#27;[0m           &amp#27;[90m# microwave_Cucumber_Test.StepDefinitions.set_Power(java.lang.Integer)&amp#27;[0m
  &amp#27;[32mThen &amp#27;[0m&amp#27;[32mScreen value is &amp#27;[0m&amp#27;[32m&amp#27;[1m"0"&amp#27;[0m      &amp#27;[90m# microwave_Cucumber_Test.StepDefinitions.screenShows(java.lang.String)&amp#27;[0m
]]></system-out>
  </testcase>
  <testcase name="Testing second State - Setting power - Examples - Example #2" classname="Testing second State - Setting power - Examples" time="0.024">
    <system-out><![CDATA[
Scenario Outline: Setting power &amp#27;[90m# io/cucumber/skeleton/MW_OpenWithNoItem.feature:11&amp#27;[0m
  &amp#27;[32mGiven &amp#27;[0m&amp#27;[32mTesting second State&amp#27;[0m    &amp#27;[90m# microwave_Cucumber_Test.StepDefinitions.second_State()&amp#27;[0m
  &amp#27;[32mWhen &amp#27;[0m&amp#27;[32mSet power to &amp#27;[0m&amp#27;[32m&amp#27;[1m8&amp#27;[0m           &amp#27;[90m# microwave_Cucumber_Test.StepDefinitions.set_Power(java.lang.Integer)&amp#27;[0m
  &amp#27;[32mThen &amp#27;[0m&amp#27;[32mScreen value is &amp#27;[0m&amp#27;[32m&amp#27;[1m"80"&amp#27;[0m     &amp#27;[90m# microwave_Cucumber_Test.StepDefinitions.screenShows(java.lang.String)&amp#27;[0m
]]></system-out>
  </testcase>
  <testcase name="Testing second State - Setting timer - Examples - Example #1" classname="Testing second State - Setting timer - Examples" time="0.024">
    <system-out><![CDATA[
Scenario Outline: Setting timer &amp#27;[90m# io/cucumber/skeleton/MW_OpenWithNoItem.feature:21&amp#27;[0m
  &amp#27;[32mGiven &amp#27;[0m&amp#27;[32mTesting second State&amp#27;[0m    &amp#27;[90m# microwave_Cucumber_Test.StepDefinitions.second_State()&amp#27;[0m
  &amp#27;[32mWhen &amp#27;[0m&amp#27;[32mWe settle timer at &amp#27;[0m&amp#27;[32m&amp#27;[1m-1&amp#27;[0m&amp#27;[32m s&amp#27;[0m  &amp#27;[90m# microwave_Cucumber_Test.StepDefinitions.setTimer(java.lang.Integer)&amp#27;[0m
  &amp#27;[32mThen &amp#27;[0m&amp#27;[32mScreen value is &amp#27;[0m&amp#27;[32m&amp#27;[1m"0"&amp#27;[0m      &amp#27;[90m# microwave_Cucumber_Test.StepDefinitions.screenShows(java.lang.String)&amp#27;[0m
]]></system-out>
  </testcase>
  <testcase name="Testing second State - Setting timer - Examples - Example #2" classname="Testing second State - Setting timer - Examples" time="0.024">
    <system-out><![CDATA[
Scenario Outline: Setting timer &amp#27;[90m# io/cucumber/skeleton/MW_OpenWithNoItem.feature:22&amp#27;[0m
  &amp#27;[32mGiven &amp#27;[0m&amp#27;[32mTesting second State&amp#27;[0m    &amp#27;[90m# microwave_Cucumber_Test.StepDefinitions.second_State()&amp#27;[0m
  &amp#27;[32mWhen &amp#27;[0m&amp#27;[32mWe settle timer at &amp#27;[0m&amp#27;[32m&amp#27;[1m0&amp#27;[0m&amp#27;[32m s&amp#27;[0m   &amp#27;[90m# microwave_Cucumber_Test.StepDefinitions.setTimer(java.lang.Integer)&amp#27;[0m
  &amp#27;[32mThen &amp#27;[0m&amp#27;[32mScreen value is &amp#27;[0m&amp#27;[32m&amp#27;[1m"0"&amp#27;[0m      &amp#27;[90m# microwave_Cucumber_Test.StepDefinitions.screenShows(java.lang.String)&amp#27;[0m
]]></system-out>
  </testcase>
  <testcase name="Testing second State - Setting timer - Examples - Example #3" classname="Testing second State - Setting timer - Examples" time="0.023">
    <system-out><![CDATA[
Scenario Outline: Setting timer &amp#27;[90m# io/cucumber/skeleton/MW_OpenWithNoItem.feature:23&amp#27;[0m
  &amp#27;[32mGiven &amp#27;[0m&amp#27;[32mTesting second State&amp#27;[0m    &amp#27;[90m# microwave_Cucumber_Test.StepDefinitions.second_State()&amp#27;[0m
  &amp#27;[32mWhen &amp#27;[0m&amp#27;[32mWe settle timer at &amp#27;[0m&amp#27;[32m&amp#27;[1m60&amp#27;[0m&amp#27;[32m s&amp#27;[0m  &amp#27;[90m# microwave_Cucumber_Test.StepDefinitions.setTimer(java.lang.Integer)&amp#27;[0m
  &amp#27;[32mThen &amp#27;[0m&amp#27;[32mScreen value is &amp#27;[0m&amp#27;[32m&amp#27;[1m"60"&amp#27;[0m     &amp#27;[90m# microwave_Cucumber_Test.StepDefinitions.screenShows(java.lang.String)&amp#27;[0m
]]></system-out>
  </testcase>
</testsuite>